Warning: ignoring unsupported tag `ALLOW_UNICODE_NAMES    =' at line 79, file /home/travis/build/berkona/SharpBCI/Doxyfile
Warning: ignoring unsupported tag `TOC_INCLUDE_HEADINGS   =' at line 313, file /home/travis/build/berkona/SharpBCI/Doxyfile
Warning: ignoring unsupported tag `GROUP_NESTED_COMPOUNDS =' at line 370, file /home/travis/build/berkona/SharpBCI/Doxyfile
Warning: ignoring unsupported tag `HIDE_COMPOUND_REFERENCE=' at line 541, file /home/travis/build/berkona/SharpBCI/Doxyfile
Warning: ignoring unsupported tag `WARN_AS_ERROR          =' at line 765, file /home/travis/build/berkona/SharpBCI/Doxyfile
Warning: Tag `CLANG_ASSISTED_PARSING' at line 1082 of file /home/travis/build/berkona/SharpBCI/Doxyfile belongs to an option that was not enabled at compile time.
To avoid this warning please remove this line from your configuration file, upgrade it using "doxygen -u", or recompile doxygen with this feature enabled.
Warning: Tag `CLANG_OPTIONS' at line 1090 of file /home/travis/build/berkona/SharpBCI/Doxyfile belongs to an option that was not enabled at compile time.
To avoid this warning please remove this line from your configuration file, upgrade it using "doxygen -u", or recompile doxygen with this feature enabled.
Warning: ignoring unsupported tag `LATEX_EXTRA_STYLESHEET =' at line 1762, file /home/travis/build/berkona/SharpBCI/Doxyfile
Warning: ignoring unsupported tag `LATEX_TIMESTAMP        =' at line 1829, file /home/travis/build/berkona/SharpBCI/Doxyfile
Warning: ignoring unsupported tag `RTF_SOURCE_CODE        =' at line 1895, file /home/travis/build/berkona/SharpBCI/Doxyfile
Warning: ignoring unsupported tag `MAN_SUBDIR             =' at line 1930, file /home/travis/build/berkona/SharpBCI/Doxyfile
Warning: ignoring unsupported tag `DOCBOOK_PROGRAMLISTING =' at line 1993, file /home/travis/build/berkona/SharpBCI/Doxyfile
Warning: ignoring unsupported tag `PLANTUML_JAR_PATH      =' at line 2422, file /home/travis/build/berkona/SharpBCI/Doxyfile
Warning: ignoring unsupported tag `PLANTUML_CFG_FILE      =' at line 2427, file /home/travis/build/berkona/SharpBCI/Doxyfile
Warning: ignoring unsupported tag `PLANTUML_INCLUDE_PATH  =' at line 2432, file /home/travis/build/berkona/SharpBCI/Doxyfile
Searching for include files...
Searching for example files...
Searching for images...
Searching for dot files...
Searching for msc files...
Searching for dia files...
Searching for files to exclude
Searching for files to process...
Searching for files in directory /home/travis/build/berkona/SharpBCI/SharpBCI
Searching for files in directory /home/travis/build/berkona/SharpBCI/SharpBCI/bin
Searching for files in directory /home/travis/build/berkona/SharpBCI/SharpBCI/bin/Release
Searching for files in directory /home/travis/build/berkona/SharpBCI/SharpBCI/obj
Searching for files in directory /home/travis/build/berkona/SharpBCI/SharpBCI/obj/Release
Searching for files in directory /home/travis/build/berkona/SharpBCI/SharpBCI/Properties
Reading and parsing tag files
Parsing files
Preprocessing /home/travis/build/berkona/SharpBCI/SharpBCI/AggregatePredictors.cs...
Parsing file /home/travis/build/berkona/SharpBCI/SharpBCI/AggregatePredictors.cs...
Preprocessing /home/travis/build/berkona/SharpBCI/SharpBCI/ArtifactPipeables.cs...
Parsing file /home/travis/build/berkona/SharpBCI/SharpBCI/ArtifactPipeables.cs...
Preprocessing /home/travis/build/berkona/SharpBCI/SharpBCI/Artifacts.cs...
Parsing file /home/travis/build/berkona/SharpBCI/SharpBCI/Artifacts.cs...
Preprocessing /home/travis/build/berkona/SharpBCI/SharpBCI/AsyncStreamReader.cs...
Parsing file /home/travis/build/berkona/SharpBCI/SharpBCI/AsyncStreamReader.cs...
Preprocessing /home/travis/build/berkona/SharpBCI/SharpBCI/AsyncStreamWriter.cs...
Parsing file /home/travis/build/berkona/SharpBCI/SharpBCI/AsyncStreamWriter.cs...
Preprocessing /home/travis/build/berkona/SharpBCI/SharpBCI/ComplexPatch.cs...
Parsing file /home/travis/build/berkona/SharpBCI/SharpBCI/ComplexPatch.cs...
Preprocessing /home/travis/build/berkona/SharpBCI/SharpBCI/DeviceAdapters.cs...
Parsing file /home/travis/build/berkona/SharpBCI/SharpBCI/DeviceAdapters.cs...
Preprocessing /home/travis/build/berkona/SharpBCI/SharpBCI/DSPLib.cs...
Parsing file /home/travis/build/berkona/SharpBCI/SharpBCI/DSPLib.cs...
Preprocessing /home/travis/build/berkona/SharpBCI/SharpBCI/DynamicTimeWarping.cs...
Parsing file /home/travis/build/berkona/SharpBCI/SharpBCI/DynamicTimeWarping.cs...
Preprocessing /home/travis/build/berkona/SharpBCI/SharpBCI/EEGData.cs...
Parsing file /home/travis/build/berkona/SharpBCI/SharpBCI/EEGData.cs...
Preprocessing /home/travis/build/berkona/SharpBCI/SharpBCI/FFT.cs...
Parsing file /home/travis/build/berkona/SharpBCI/SharpBCI/FFT.cs...
Preprocessing /home/travis/build/berkona/SharpBCI/SharpBCI/FilterPipeable.cs...
Parsing file /home/travis/build/berkona/SharpBCI/SharpBCI/FilterPipeable.cs...
Preprocessing /home/travis/build/berkona/SharpBCI/SharpBCI/Filters.cs...
Parsing file /home/travis/build/berkona/SharpBCI/SharpBCI/Filters.cs...
Preprocessing /home/travis/build/berkona/SharpBCI/SharpBCI/IndexableQueue.cs...
Parsing file /home/travis/build/berkona/SharpBCI/SharpBCI/IndexableQueue.cs...
Preprocessing /home/travis/build/berkona/SharpBCI/SharpBCI/Logger.cs...
Parsing file /home/travis/build/berkona/SharpBCI/SharpBCI/Logger.cs...
Preprocessing /home/travis/build/berkona/SharpBCI/SharpBCI/Matrix.cs...
Parsing file /home/travis/build/berkona/SharpBCI/SharpBCI/Matrix.cs...
Preprocessing /home/travis/build/berkona/SharpBCI/SharpBCI/obj/Release/.NETFramework,Version=v4.5.AssemblyAttribute.cs...
Parsing file /home/travis/build/berkona/SharpBCI/SharpBCI/obj/Release/.NETFramework,Version=v4.5.AssemblyAttribute.cs...
Preprocessing /home/travis/build/berkona/SharpBCI/SharpBCI/Pipeline.cs...
Parsing file /home/travis/build/berkona/SharpBCI/SharpBCI/Pipeline.cs...
Preprocessing /home/travis/build/berkona/SharpBCI/SharpBCI/PipelineSerializer.cs...
Parsing file /home/travis/build/berkona/SharpBCI/SharpBCI/PipelineSerializer.cs...
Preprocessing /home/travis/build/berkona/SharpBCI/SharpBCI/Preprocessors.cs...
Parsing file /home/travis/build/berkona/SharpBCI/SharpBCI/Preprocessors.cs...
Preprocessing /home/travis/build/berkona/SharpBCI/SharpBCI/Properties/AssemblyInfo.cs...
Parsing file /home/travis/build/berkona/SharpBCI/SharpBCI/Properties/AssemblyInfo.cs...
Preprocessing /home/travis/build/berkona/SharpBCI/SharpBCI/SharpBCI.cs...
Parsing file /home/travis/build/berkona/SharpBCI/SharpBCI/SharpBCI.cs...
Preprocessing /home/travis/build/berkona/SharpBCI/SharpBCI/Statistics.cs...
Parsing file /home/travis/build/berkona/SharpBCI/SharpBCI/Statistics.cs...
Building group list...
Building directory list...
Building namespace list...
Building file list...
Building class list...
Associating documentation with classes...
Computing nesting relations for classes...
Building example list...
Searching for enumerations...
Searching for documented typedefs...
Searching for members imported via using declarations...
Searching for included using directives...
Searching for documented variables...
Building interface member list...
Building member list...
Searching for friends...
Searching for documented defines...
Computing class inheritance relations...
Computing class usage relations...
Flushing cached template relations that have become invalid...
Creating members for template instances...
Computing class relations...
Add enum values to enums...
Searching for member function documentation...
Building page list...
Search for main page...
Computing page relations...
Determining the scope of groups...
Sorting lists...
Freeing entry tree
Determining which enums are documented
Computing member relations...
Building full member lists recursively...
Adding members to member groups.
Computing member references...
Inheriting documentation...
Generating disk names...
Adding source references...
Adding xrefitems...
Sorting member lists...
Computing dependencies between directories...
Generating citations page...
Counting data structures...
Resolving user defined references...
Finding anchors and sections in the documentation...
Transferring function references...
Combining using relations...
Adding members to index pages...
Generating style sheet...
Generating search indices...
Generating example documentation...
Generating file sources...
Generating file documentation...
Generating docs for file /home/travis/build/berkona/SharpBCI/SharpBCI/AggregatePredictors.cs...
Generating docs for file /home/travis/build/berkona/SharpBCI/SharpBCI/ArtifactPipeables.cs...
Generating docs for file /home/travis/build/berkona/SharpBCI/SharpBCI/Artifacts.cs...
Generating docs for file /home/travis/build/berkona/SharpBCI/SharpBCI/AsyncStreamReader.cs...
Generating docs for file /home/travis/build/berkona/SharpBCI/SharpBCI/AsyncStreamWriter.cs...
Generating docs for file /home/travis/build/berkona/SharpBCI/SharpBCI/ComplexPatch.cs...
Generating docs for file /home/travis/build/berkona/SharpBCI/SharpBCI/DeviceAdapters.cs...
Generating docs for file /home/travis/build/berkona/SharpBCI/SharpBCI/DSPLib.cs...
Generating docs for file /home/travis/build/berkona/SharpBCI/SharpBCI/DynamicTimeWarping.cs...
Generating docs for file /home/travis/build/berkona/SharpBCI/SharpBCI/EEGData.cs...
Generating docs for file /home/travis/build/berkona/SharpBCI/SharpBCI/FFT.cs...
Generating docs for file /home/travis/build/berkona/SharpBCI/SharpBCI/FilterPipeable.cs...
Generating docs for file /home/travis/build/berkona/SharpBCI/SharpBCI/Filters.cs...
Generating docs for file /home/travis/build/berkona/SharpBCI/SharpBCI/IndexableQueue.cs...
Generating docs for file /home/travis/build/berkona/SharpBCI/SharpBCI/Logger.cs...
Generating docs for file /home/travis/build/berkona/SharpBCI/SharpBCI/Matrix.cs...
Generating docs for file /home/travis/build/berkona/SharpBCI/SharpBCI/obj/Release/.NETFramework,Version=v4.5.AssemblyAttribute.cs...
Generating docs for file /home/travis/build/berkona/SharpBCI/SharpBCI/Pipeline.cs...
Generating docs for file /home/travis/build/berkona/SharpBCI/SharpBCI/PipelineSerializer.cs...
Generating docs for file /home/travis/build/berkona/SharpBCI/SharpBCI/Preprocessors.cs...
Generating docs for file /home/travis/build/berkona/SharpBCI/SharpBCI/Properties/AssemblyInfo.cs...
Generating docs for file /home/travis/build/berkona/SharpBCI/SharpBCI/SharpBCI.cs...
Generating do/home/travis/build/berkona/SharpBCI/SharpBCI/AggregatePredictors.cs:288: warning: unable to resolve link to `https://en.wikipedia.org/wiki/K-nearest_neighbors_algorithm' for \link command
/home/travis/build/berkona/SharpBCI/SharpBCI/AggregatePredictors.cs:289: warning: Unexpected end of comment while inside link command

cs for file /home/travis/build/berkona/SharpBCI/SharpBCI/Statistics.cs...
Generating page documentation...
Generating group documentation...
Generating class documentation...
Generating namespace index...
Generating docs for namespace DSPLib
Generating docs for compound DSPLib::DFT...
Generating docs for compound DSPLib::FFT...
Generating docs for compound DSPLib::DSP...
Generating docs for namespace SharpBCI
Generating docs for compound SharpBCI::IPredictor< T >...
Generating docs for compound SharpBCI::IPredictorPipeable...
Generating docs for compound SharpBCI::AggregatePredictionPipeable...
Generating docs for compound SharpBCI::Predictor...
Generating docs for compound SharpBCI::AggregateKNNCorrelationPredictor...
Generating docs for compound SharpBCI::AggregateKNNDTWPredictor...
Generating docs for compound SharpBCI::TournamentArtifactPipeable...
Generating docs for compound SharpBCI::IArtifactDetector...
Generating docs for compound SharpBCI::ARArtifactDetector...
Generating docs for compound SharpBCI::TournamentArtifactDetector...
Generating docs for compound SharpBCI::AsyncStreamReader...
Generating docs for compound SharpBCI::AsyncStreamWriter...
Generating docs for compound SharpBCI::EEGDeviceAdapter...
Generating docs for compound SharpBCI::RemoteOSCAdapter...
Generating docs for compound SharpBCI::DummyAdapterSignal...
Generating docs for compound SharpBCI::InstrumentedDummyAdapter...
Generating docs for compound SharpBCI::CSVReadAdapter...
Generating docs for compound SharpBCI::DummyAdapter...
Generating docs for compound SharpBCI::DynamicTimeWarping...
Generating docs for compound SharpBCI::SeriesVariable...
Generating docs for compound SharpBCI::IPreprocessor...
Generating docs for compound SharpBCI::Preprocessors...
Generating docs for nested compound SharpBCI::Preprocessors::NonePreprocessor...
Generating docs for nested compound SharpBCI::Preprocessors::NormalizationPreprocessor...
Generating docs for compound SharpBCI::StandardizationPreprocessor...
Generating docs for compound SharpBCI::CentralizationPreprocessor...
Generating docs for compound SharpBCI::EEGEvent...
Generating docs for compound SharpBCI::IVectorizedSmoother< T >...
Generating docs for compound SharpBCI::ExponentialVectorizedSmoother...
Generating docs for compound SharpBCI::XCorrVectorizedSmoother...
Generating docs for compound SharpBCI::FFTPipeable...
Generating docs for compound SharpBCI::BandpassPipeable...
Generating docs for compound SharpBCI::SimpleFilterPipeable...
Generating docs for compound SharpBCI::IFilter< T >...
Generating docs for compound SharpBCI::MultiFilter< T >...
Generating docs for compound SharpBCI::MovingAverageFilter...
Generating docs for compound SharpBCI::ExponentialFilter...
Generating docs for compound SharpBCI::RecursiveFilter...
Generating docs for compound SharpBCI::NarrowPassFilter...
Generating docs for compound SharpBCI::NotchFilter...
Generating docs for compound SharpBCI::ConvolvingFilter...
Generating docs for compound SharpBCI::ConvolvingSingleEndedFilter...
Generating docs for compound SharpBCI::ConvolvingDoubleEndedFilter...
Generating docs for compound SharpBCI::IndexableQueue< T >...
Generating docs for compound SharpBCI::ILogOutput...
Generating docs for compound SharpBCI::ConsoleLogger...
Generating docs for compound SharpBCI::FileLogger...
Generating docs for compound SharpBCI::IPipeable...
Generating docs for compound SharpBCI::Pipeable...
Generating docs for compound SharpBCI::SerializedPipeline...
Generating docs for compound SharpBCI::SerializedStage...
Generating docs for compound SharpBCI::SerializedConnectionInfo...
Generating docs for compound SharpBCI::SharpBCIConfig...
Generating docs for compound SharpBCI::SharpBCIBuilder...
Generating docs for compound SharpBCI::TrainedEvent...
Generating docs for compound SharpBCI::SharpBCI...
Generating docs for compound SharpBCI::TrainedEventEmitter...
Generating docs for compound SharpBCI::RawEventEmitter...
Generating docs for compound SharpBCI::EEGDeviceProducer...
Generating docs for compound SharpBCI::OnlineVariance...
Generating docs for compound SharpBCI::ARModel...
Generating docs for namespace System
Generating docs for namespace System::Numerics
Generating docs for compound System::Numerics::Complex...
Generating graph info page...
Generating directory documentation...
Generating index page...
Generating page index...
Generating module index...
Generating namespace index...
Generating namespace member index...
Generating annotated compound index...
Generating alphabetical compound index...
Generating hierarchical class index...
Generating member index...
Generating file index...
Generating file member index...
Generating example index...
finalizing index lists...
lookup cache used 525/65536 hits=1580 misses=607
finished...
